<?xml version="1.0" encoding="UTF-8"?>
<!-- Generated by org.testng.reporters.JUnitXMLReporter -->
<testsuite ignored="0" hostname="Aquib_Husain" failures="0" tests="3" name="TestDopCn" time="6.447" errors="0" timestamp="2023-06-27T07:30:44 IST">
  <testcase classname="com.dopCN.testCases.HomePageTest" name="@BeforeClass setUp" time="6.37">
    <failure type="org.openqa.selenium.remote.http.ConnectionFailedException" message="Unable to establish websocket connection to http://localhost:63414/devtools/browser/2914e4b8-9261-4aad-ab00-2d3cf071dd06
Build info: version: &amp;apos;4.0.0&amp;apos;, revision: &amp;apos;3a21814679&amp;apos;
System info: host: &amp;apos;AQUIB_HUSAIN&amp;apos;, ip: &amp;apos;192.168.0.150&amp;apos;, os.name: &amp;apos;Windows 11&amp;apos;, os.arch: &amp;apos;amd64&amp;apos;, os.version: &amp;apos;10.0&amp;apos;, java.version: &amp;apos;17.0.6&amp;apos;
Driver info: driver.version: EdgeDriver">
      <![CDATA[org.openqa.selenium.remote.http.ConnectionFailedException: Unable to establish websocket connection to http://localhost:63414/devtools/browser/2914e4b8-9261-4aad-ab00-2d3cf071dd06
Build info: version: '4.0.0', revision: '3a21814679'
System info: host: 'AQUIB_HUSAIN', ip: '192.168.0.150', os.name: 'Windows 11', os.arch: 'amd64', os.version: '10.0', java.version: '17.0.6'
Driver info: driver.version: EdgeDriver
at org.openqa.selenium.remote.http.netty.NettyWebSocket.<init>(NettyWebSocket.java:104)
at org.openqa.selenium.remote.http.netty.NettyWebSocket.lambda$create$3(NettyWebSocket.java:137)
at org.openqa.selenium.remote.http.netty.NettyClient.openSocket(NettyClient.java:127)
at org.openqa.selenium.devtools.Connection.<init>(Connection.java:77)
at org.openqa.selenium.chromium.ChromiumDriver.lambda$new$2(ChromiumDriver.java:124)
at java.base/java.util.Optional.map(Optional.java:260)
at org.openqa.selenium.chromium.ChromiumDriver.<init>(ChromiumDriver.java:122)
at org.openqa.selenium.edge.EdgeDriver.<init>(EdgeDriver.java:49)
at org.openqa.selenium.edge.EdgeDriver.<init>(EdgeDriver.java:41)
at org.openqa.selenium.edge.EdgeDriver.<init>(EdgeDriver.java:38)
at com.dopCN.BaseClass.BaseClass.initilizeBrowzer(BaseClass.java:63)
at com.dopCN.testCases.HomePageTest.setUp(HomePageTest.java:23)
at java.base/java.util.ArrayList.forEach(ArrayList.java:1511)
... Removed 25 stack frames]]>
    </failure>
  </testcase> <!-- @BeforeClass setUp -->
  <testcase classname="com.dopCN.testCases.HomePageTest" name="@AfterClass tearDown" time="-1.687831244203E9">
    <skipped/>
  </testcase> <!-- @AfterClass tearDown -->
  <testcase classname="com.dopCN.testCases.HomePageTest" name="validateLogoOnHomeP" time="0.0">
    <skipped/>
  </testcase> <!-- validateLogoOnHomeP -->
  <testcase classname="com.dopCN.testCases.HomePageTest" name="validateLanguageDropdown" time="0.0">
    <skipped/>
  </testcase> <!-- validateLanguageDropdown -->
  <testcase classname="com.dopCN.testCases.HomePageTest" name="validateLogin" time="0.0">
    <skipped/>
  </testcase> <!-- validateLogin -->
</testsuite> <!-- TestDopCn -->
